#
# A fatal error has been detected by the Java Runtime Environment:
#
#  SIGSEGV (0xb) at pc=0x00007fff9ed8aed9, pid=16609, tid=775
#
# JRE version: Java(TM) SE Runtime Environment (8.0_20-b26) (build 1.8.0_20-b26)
# Java VM: Java HotSpot(TM) 64-Bit Server VM (25.20-b23 mixed mode bsd-amd64 compressed oops)
# Problematic frame:
# C  [GeForceMTLDriver+0xeced9]
[error occurred during error reporting (printing problematic frame), id 0xe0000000]

# Failed to write core dump. Core dumps have been disabled. To enable core dumping, try "ulimit -c unlimited" before starting Java again
#
# If you would like to submit a bug report, please visit:
#   http://bugreport.sun.com/bugreport/crash.jsp
# The crash happened outside the Java Virtual Machine in native code.
# See problematic frame for where to report the bug.
#

---------------  T H R E A D  ---------------

Current thread (0x00007fdbd008b800):  JavaThread "AWT-AppKit" daemon [_thread_in_native, id=775, stack(0x00007fff4fdac000,0x00007fff505ac000)]

siginfo: si_signo: 11 (SIGSEGV), si_code: 1 (SEGV_MAPERR), si_addr: 0x0000000000000180

Registers:
RAX=0x0000000000000000, RBX=0x0000000000000000, RCX=0x0000000000000000, RDX=0x00000000000eec30
RSP=0x00007fff505a4fe0, RBP=0x00007fff505a4ff0, RSI=0x00007fdbcbd00000, RDI=0x0000000000000000
R8 =0x0000000000000000, R9 =0x00000000000000df, R10=0x0000000000000001, R11=0x000000000000000e
R12=0x00007fdbcbc3e680, R13=0x00007fdbcc0d6a00, R14=0x0000000000000000, R15=0x00007fdbcc0d71f8
RIP=0x00007fff9ed8aed9, EFLAGS=0x0000000000010246, ERR=0x0000000000000004
  TRAPNO=0x000000000000000e

Top of Stack: (sp=0x00007fff505a4fe0)
0x00007fff505a4fe0:   0000000000000000 0000000000000000
0x00007fff505a4ff0:   00007fff505a5260 00007fff9ed872cd
0x00007fff505a5000:   0000000000000001 00007fff505a5108
0x00007fff505a5010:   000000000000000c 0000000000000001
0x00007fff505a5020:   0000000000000000 0000000000003000
0x00007fff505a5030:   0000000000000001 00007fdbcbc3e430
0x00007fff505a5040:   00007fff505a5110 00007fff9ed8f4ea
0x00007fff505a5050:   0000000000000004 00007fdb00000001
0x00007fff505a5060:   00007fff00000001 00007fff00000000
0x00007fff505a5070:   0000000000000000 0000000000000000
0x00007fff505a5080:   0000000000003000 00007fff00000000
0x00007fff505a5090:   0000000000000001 0000000000000001
0x00007fff505a50a0:   00220400505a50e0 0000000000000000
0x00007fff505a50b0:   00007fdb00000001 00007fff505a5148
0x00007fff505a50c0:   0000000300000000 0000000300000000
0x00007fff505a50d0:   0000000100000001 0000000000000000
0x00007fff505a50e0:   0000000000003000 00007fdbcbc3e680
0x00007fff505a50f0:   0000010101000100 0000000000000000
0x00007fff505a5100:   00007fdbcbc3e420 00024a110507c7d0
0x00007fff505a5110:   9800000309000025 000000306180002b
0x00007fff505a5120:   0000000000000000 0000000900000000
0x00007fff505a5130:   0000000100090004 0000000100000001
0x00007fff505a5140:   000002cd00000000 0000002c00000026
0x00007fff505a5150:   0000005000000000 000000c000000000
0x00007fff505a5160:   0000002c00000026 0000000000000001
0x00007fff505a5170:   0000000000000000 0000000000000002
0x00007fff505a5180:   0000002c00000026 0000000000000001
0x00007fff505a5190:   0000000000000003 0000000000000001
0x00007fff505a51a0:   07c7d0002a712488 00300000c0c04005
0x00007fff505a51b0:   0001002c80000026 0000000003000000
0x00007fff505a51c0:   0000000000000000 0000000000000000
0x00007fff505a51d0:   0000000000000000 0000000000000000 

Instructions: (pc=0x00007fff9ed8aed9)
0x00007fff9ed8aeb9:   5b 41 5c 41 5e 41 5f 5d e9 e0 ec 00 00 5b 41 5c
0x00007fff9ed8aec9:   41 5e 41 5f 5d c3 90 55 48 89 e5 53 50 48 89 fb
0x00007fff9ed8aed9:   8b 83 80 01 00 00 85 c0 75 2c 8b 83 74 01 00 00
0x00007fff9ed8aee9:   ff c0 89 83 74 01 00 00 c7 84 83 68 01 00 00 04 

Register to memory mapping:

RAX=0x0000000000000000 is an unknown value
RBX=0x0000000000000000 is an unknown value
RCX=0x0000000000000000 is an unknown value
RDX=0x00000000000eec30 is an unknown value
RSP=0x00007fff505a4fe0 is pointing into the stack for thread: 0x00007fdbd008b800
RBP=0x00007fff505a4ff0 is pointing into the stack for thread: 0x00007fdbd008b800
RSI=0x00007fdbcbd00000 is an unknown value
RDI=0x0000000000000000 is an unknown value
R8 =0x0000000000000000 is an unknown value
R9 =0x00000000000000df is an unknown value
R10=0x0000000000000001 is an unknown value
R11=0x000000000000000e is an unknown value
R12=0x00007fdbcbc3e680 is an unknown value
R13=0x00007fdbcc0d6a00 is an unknown value
R14=0x0000000000000000 is an unknown value
R15=0x00007fdbcc0d71f8 is an unknown value


Stack: [0x00007fff4fdac000,0x00007fff505ac000],  sp=0x00007fff505a4fe0,  free space=8163k
Native frames: (J=compiled Java code, j=interpreted, Vv=VM code, C=native code)
C  [GeForceMTLDriver+0xeced9]
[error occurred during error reporting (printing native stack), id 0xe0000000]


---------------  P R O C E S S  ---------------

Java Threads: ( => current thread )
  0x00007fdbce8a9800 JavaThread "AWT-Shutdown" [_thread_blocked, id=33567, stack(0x000070000c499000,0x000070000c599000)]
=>0x00007fdbd008b800 JavaThread "AWT-AppKit" daemon [_thread_in_native, id=775, stack(0x00007fff4fdac000,0x00007fff505ac000)]
  0x00007fdbcc000800 JavaThread "Monitor Ctrl-Break" daemon [_thread_in_native, id=22275, stack(0x000070000c313000,0x000070000c413000)]
  0x00007fdbce000800 JavaThread "Service Thread" daemon [_thread_blocked, id=21251, stack(0x000070000c10d000,0x000070000c20d000)]
  0x00007fdbcf815800 JavaThread "C1 CompilerThread3" daemon [_thread_blocked, id=20739, stack(0x000070000c00a000,0x000070000c10a000)]
  0x00007fdbcf804800 JavaThread "C2 CompilerThread2" daemon [_thread_blocked, id=20227, stack(0x000070000bf07000,0x000070000c007000)]
  0x00007fdbcf804000 JavaThread "C2 CompilerThread1" daemon [_thread_blocked, id=19715, stack(0x000070000be04000,0x000070000bf04000)]
  0x00007fdbcf006000 JavaThread "C2 CompilerThread0" daemon [_thread_blocked, id=19203, stack(0x000070000bd01000,0x000070000be01000)]
  0x00007fdbcd074000 JavaThread "Signal Dispatcher" daemon [_thread_blocked, id=18691, stack(0x000070000bbfe000,0x000070000bcfe000)]
  0x00007fdbcc808000 JavaThread "Finalizer" daemon [_thread_blocked, id=14339, stack(0x000070000ba78000,0x000070000bb78000)]
  0x00007fdbcc807800 JavaThread "Reference Handler" daemon [_thread_blocked, id=13827, stack(0x000070000b975000,0x000070000ba75000)]
  0x00007fdbcc802000 JavaThread "main" [_thread_in_native, id=6915, stack(0x000070000af57000,0x000070000b057000)]

Other Threads:
  0x00007fdbce851000 VMThread [stack: 0x000070000b872000,0x000070000b972000] [id=13315]
  0x00007fdbcf006800 WatcherThread [stack: 0x000070000c210000,0x000070000c310000] [id=21763]

VM state:not at safepoint (normal execution)

VM Mutex/Monitor currently owned by a thread: None

Heap:
 PSYoungGen      total 76288K, used 6554K [0x000000076ab00000, 0x0000000770000000, 0x00000007c0000000)
  eden space 65536K, 10% used [0x000000076ab00000,0x000000076b1668c0,0x000000076eb00000)
  from space 10752K, 0% used [0x000000076f580000,0x000000076f580000,0x0000000770000000)
  to   space 10752K, 0% used [0x000000076eb00000,0x000000076eb00000,0x000000076f580000)
 ParOldGen       total 175104K, used 0K [0x00000006c0000000, 0x00000006cab00000, 0x000000076ab00000)
  object space 175104K, 0% used [0x00000006c0000000,0x00000006c0000000,0x00000006cab00000)
 Metaspace       used 3577K, capacity 4532K, committed 4864K, reserved 1056768K
  class space    used 390K, capacity 420K, committed 512K, reserved 1048576K

Card table byte_map: [0x0000000120c55000,0x0000000121456000] byte_map_base: 0x000000011d655000

Marking Bits: (ParMarkBitMap*) 0x0000000111216330
 Begin Bits: [0x00000001219ac000, 0x00000001259ac000)
 End Bits:   [0x00000001259ac000, 0x00000001299ac000)

Polling page: 0x000000010f726000

CodeCache: size=245760Kb used=1229Kb max_used=1229Kb free=244530Kb
 bounds [0x0000000111895000, 0x0000000111b05000, 0x0000000120895000]
 total_blobs=323 nmethods=78 adapters=160
 compilation: enabled

Compilation events (10 events):
Event: 0.116 Thread 0x00007fdbcf815800   73       3       java.util.HashMap::afterNodeInsertion (1 bytes)
Event: 0.116 Thread 0x00007fdbcf815800 nmethod 73 0x00000001119c2010 code [0x00000001119c2160, 0x00000001119c22b0]
Event: 0.119 Thread 0x00007fdbcf815800   75  s!   3       sun.misc.URLClassPath::getLoader (154 bytes)
Event: 0.122 Thread 0x00007fdbcf815800 nmethod 75 0x00000001119c2510 code [0x00000001119c2900, 0x00000001119c5398]
Event: 0.122 Thread 0x00007fdbcf815800   76       3       java.util.ArrayList::get (11 bytes)
Event: 0.123 Thread 0x00007fdbcf815800 nmethod 76 0x00000001119c6d10 code [0x00000001119c6ea0, 0x00000001119c71f8]
Event: 0.123 Thread 0x00007fdbcf815800   77       3       java.util.ArrayList::rangeCheck (22 bytes)
Event: 0.123 Thread 0x00007fdbcf815800 nmethod 77 0x00000001119c7410 code [0x00000001119c7620, 0x00000001119c80b8]
Event: 0.123 Thread 0x00007fdbcf815800   78       1       java.net.URL::getRef (5 bytes)
Event: 0.123 Thread 0x00007fdbcf815800 nmethod 78 0x00000001119c8610 code [0x00000001119c8760, 0x00000001119c8870]

GC Heap History (0 events):
No events

Deoptimization events (0 events):
No events

Internal exceptions (10 events):
Event: 0.107 Thread 0x00007fdbcc802000 Exception <a 'java/security/PrivilegedActionException'> (0x000000076abeb888) thrown at [/HUDSON3/workspace/8-2-build-macosx-x86_64/jdk8u20/1074/hotspot/src/share/vm/prims/jvm.cpp, line 1275]
Event: 0.108 Thread 0x00007fdbcc802000 Exception <a 'java/security/PrivilegedActionException'> (0x000000076abef228) thrown at [/HUDSON3/workspace/8-2-build-macosx-x86_64/jdk8u20/1074/hotspot/src/share/vm/prims/jvm.cpp, line 1275]
Event: 0.115 Thread 0x00007fdbcc802000 Exception <a 'java/security/PrivilegedActionException'> (0x000000076ac06888) thrown at [/HUDSON3/workspace/8-2-build-macosx-x86_64/jdk8u20/1074/hotspot/src/share/vm/prims/jvm.cpp, line 1275]
Event: 0.115 Thread 0x00007fdbcc802000 Exception <a 'java/security/PrivilegedActionException'> (0x000000076ac06a40) thrown at [/HUDSON3/workspace/8-2-build-macosx-x86_64/jdk8u20/1074/hotspot/src/share/vm/prims/jvm.cpp, line 1275]
Event: 0.116 Thread 0x00007fdbcc802000 Exception <a 'java/security/PrivilegedActionException'> (0x000000076ac09dc0) thrown at [/HUDSON3/workspace/8-2-build-macosx-x86_64/jdk8u20/1074/hotspot/src/share/vm/prims/jvm.cpp, line 1275]
Event: 0.116 Thread 0x00007fdbcc802000 Exception <a 'java/security/PrivilegedActionException'> (0x000000076ac09f78) thrown at [/HUDSON3/workspace/8-2-build-macosx-x86_64/jdk8u20/1074/hotspot/src/share/vm/prims/jvm.cpp, line 1275]
Event: 0.118 Thread 0x00007fdbcc802000 Exception <a 'java/security/PrivilegedActionException'> (0x000000076ac0c958) thrown at [/HUDSON3/workspace/8-2-build-macosx-x86_64/jdk8u20/1074/hotspot/src/share/vm/prims/jvm.cpp, line 1275]
Event: 0.118 Thread 0x00007fdbcc802000 Exception <a 'java/security/PrivilegedActionException'> (0x000000076ac0efd0) thrown at [/HUDSON3/workspace/8-2-build-macosx-x86_64/jdk8u20/1074/hotspot/src/share/vm/prims/jvm.cpp, line 1275]
Event: 0.119 Thread 0x00007fdbcc802000 Exception <a 'java/security/PrivilegedActionException'> (0x000000076ac12968) thrown at [/HUDSON3/workspace/8-2-build-macosx-x86_64/jdk8u20/1074/hotspot/src/share/vm/prims/jvm.cpp, line 1275]
Event: 0.119 Thread 0x00007fdbcc802000 Exception <a 'java/security/PrivilegedActionException'> (0x000000076ac15128) thrown at [/HUDSON3/workspace/8-2-build-macosx-x86_64/jdk8u20/1074/hotspot/src/share/vm/prims/jvm.cpp, line 1275]

Events (10 events):
Event: 0.124 loading class java/awt/GraphicsEnvironment
Event: 0.124 loading class java/awt/GraphicsEnvironment done
Event: 0.124 loading class java/awt/GraphicsEnvironment$1
Event: 0.124 loading class java/awt/GraphicsEnvironment$1 done
Event: 0.127 Thread 0x00007fdbd008b800 Thread added: 0x00007fdbd008b800
Event: 0.185 loading class sun/awt/AWTAutoShutdown
Event: 0.185 loading class sun/awt/AWTAutoShutdown done
Event: 0.186 loading class java/util/IdentityHashMap
Event: 0.186 loading class java/util/IdentityHashMap done
Event: 0.186 Thread 0x00007fdbce8a9800 Thread added: 0x00007fdbce8a9800


Dynamic libraries:
0x000000002d21d000 	/System/Library/Frameworks/Cocoa.framework/Versions/A/Cocoa
0x000000002d21d000 	/System/Library/Frameworks/Security.framework/Versions/A/Security
0x000000002d21d000 	/System/Library/Frameworks/ApplicationServices.framework/Versions/A/ApplicationServices
0x000000002d21d000 	/usr/lib/libz.1.dylib
0x000000002d21d000 	/usr/lib/libSystem.B.dylib
0x000000002d21d000 	/usr/lib/libobjc.A.dylib
0x000000002d21d000 	/System/Library/Frameworks/CoreFoundation.framework/Versions/A/CoreFoundation
0x000000002d21d000 	/System/Library/Frameworks/Foundation.framework/Versions/C/Foundation
0x000000002d21d000 	/System/Library/Frameworks/AppKit.framework/Versions/C/AppKit
0x000000002d21d000 	/System/Library/Frameworks/CoreData.framework/Versions/A/CoreData
0x000000002d21d000 	/System/Library/PrivateFrameworks/RemoteViewServices.framework/Versions/A/RemoteViewServices
0x000000002d21d000 	/System/Library/PrivateFrameworks/UIFoundation.framework/Versions/A/UIFoundation
0x000000002d21d000 	/System/Library/PrivateFrameworks/DFRFoundation.framework/Versions/A/DFRFoundation
0x000000002d21d000 	/usr/lib/libenergytrace.dylib
0x000000002d21d000 	/System/Library/PrivateFrameworks/SkyLight.framework/Versions/A/SkyLight
0x000000002d21d000 	/System/Library/Frameworks/CoreGraphics.framework/Versions/A/CoreGraphics
0x000000002d21d000 	/usr/lib/libScreenReader.dylib
0x000000002d21d000 	/System/Library/Frameworks/Accelerate.framework/Versions/A/Accelerate
0x000000002d21d000 	/System/Library/Frameworks/IOSurface.framework/Versions/A/IOSurface
0x000000002d21d000 	/System/Library/Frameworks/AudioToolbox.framework/Versions/A/AudioToolbox
0x000000002d21d000 	/System/Library/Frameworks/AudioUnit.framework/Versions/A/AudioUnit
0x000000002d21d000 	/System/Library/PrivateFrameworks/DataDetectorsCore.framework/Versions/A/DataDetectorsCore
0x000000002d21d000 	/System/Library/PrivateFrameworks/DesktopServicesPriv.framework/Versions/A/DesktopServicesPriv
0x000000002d21d000 	/System/Library/Frameworks/Carbon.framework/Versions/A/Frameworks/HIToolbox.framework/Versions/A/HIToolbox
0x000000002d21d000 	/usr/lib/libicucore.A.dylib
0x000000002d21d000 	/System/Library/Frameworks/QuartzCore.framework/Versions/A/QuartzCore
0x000000002d21d000 	/System/Library/Frameworks/Carbon.framework/Versions/A/Frameworks/SpeechRecognition.framework/Versions/A/SpeechRecognition
0x000000002d21d000 	/usr/lib/libauto.dylib
0x000000002d21d000 	/usr/lib/libxml2.2.dylib
0x000000002d21d000 	/System/Library/PrivateFrameworks/CoreUI.framework/Versions/A/CoreUI
0x000000002d21d000 	/System/Library/Frameworks/CoreAudio.framework/Versions/A/CoreAudio
0x000000002d21d000 	/System/Library/Frameworks/DiskArbitration.framework/Versions/A/DiskArbitration
0x000000002d21d000 	/usr/lib/liblangid.dylib
0x000000002d21d000 	/System/Library/PrivateFrameworks/MultitouchSupport.framework/Versions/A/MultitouchSupport
0x000000002d21d000 	/System/Library/Frameworks/IOKit.framework/Versions/A/IOKit
0x000000002d21d000 	/usr/lib/libDiagnosticMessagesClient.dylib
0x000000002d21d000 	/System/Library/Frameworks/CoreServices.framework/Versions/A/CoreServices
0x000000002d21d000 	/System/Library/PrivateFrameworks/PerformanceAnalysis.framework/Versions/A/PerformanceAnalysis
0x000000002d21d000 	/System/Library/PrivateFrameworks/GenerationalStorage.framework/Versions/A/GenerationalStorage
0x000000002d21d000 	/System/Library/Frameworks/OpenGL.framework/Versions/A/OpenGL
0x000000002d21d000 	/System/Library/Frameworks/CoreImage.framework/Versions/A/CoreImage
0x000000002d21d000 	/System/Library/Frameworks/CoreText.framework/Versions/A/CoreText
0x000000002d21d000 	/System/Library/Frameworks/ImageIO.framework/Versions/A/ImageIO
0x000000002d21d000 	/System/Library/PrivateFrameworks/Backup.framework/Versions/A/Backup
0x000000002d21d000 	/usr/lib/libarchive.2.dylib
0x000000002d21d000 	/System/Library/Frameworks/CFNetwork.framework/Versions/A/CFNetwork
0x000000002d21d000 	/System/Library/Frameworks/SystemConfiguration.framework/Versions/A/SystemConfiguration
0x000000002d21d000 	/usr/lib/libCRFSuite.dylib
0x000000002d21d000 	/usr/lib/libc++.1.dylib
0x000000002d21d000 	/usr/lib/libc++abi.dylib
0x000000002d21d000 	/usr/lib/system/libcache.dylib
0x000000002d21d000 	/usr/lib/system/libcommonCrypto.dylib
0x000000002d21d000 	/usr/lib/system/libcompiler_rt.dylib
0x000000002d21d000 	/usr/lib/system/libcopyfile.dylib
0x000000002d21d000 	/usr/lib/system/libcorecrypto.dylib
0x000000002d21d000 	/usr/lib/system/libdispatch.dylib
0x000000002d21d000 	/usr/lib/system/libdyld.dylib
0x000000002d21d000 	/usr/lib/system/libkeymgr.dylib
0x000000002d21d000 	/usr/lib/system/liblaunch.dylib
0x000000002d21d000 	/usr/lib/system/libmacho.dylib
0x000000002d21d000 	/usr/lib/system/libquarantine.dylib
0x000000002d21d000 	/usr/lib/system/libremovefile.dylib
0x000000002d21d000 	/usr/lib/system/libsystem_asl.dylib
0x000000002d21d000 	/usr/lib/system/libsystem_blocks.dylib
0x000000002d21d000 	/usr/lib/system/libsystem_c.dylib
0x000000002d21d000 	/usr/lib/system/libsystem_configuration.dylib
0x000000002d21d000 	/usr/lib/system/libsystem_coreservices.dylib
0x000000002d21d000 	/usr/lib/system/libsystem_coretls.dylib
0x000000002d21d000 	/usr/lib/system/libsystem_dnssd.dylib
0x000000002d21d000 	/usr/lib/system/libsystem_info.dylib
0x000000002d21d000 	/usr/lib/system/libsystem_kernel.dylib
0x000000002d21d000 	/usr/lib/system/libsystem_m.dylib
0x000000002d21d000 	/usr/lib/system/libsystem_malloc.dylib
0x000000002d21d000 	/usr/lib/system/libsystem_network.dylib
0x000000002d21d000 	/usr/lib/system/libsystem_networkextension.dylib
0x000000002d21d000 	/usr/lib/system/libsystem_notify.dylib
0x000000002d21d000 	/usr/lib/system/libsystem_platform.dylib
0x000000002d21d000 	/usr/lib/system/libsystem_pthread.dylib
0x000000002d21d000 	/usr/lib/system/libsystem_sandbox.dylib
0x000000002d21d000 	/usr/lib/system/libsystem_secinit.dylib
0x000000002d21d000 	/usr/lib/system/libsystem_symptoms.dylib
0x000000002d21d000 	/usr/lib/system/libsystem_trace.dylib
0x000000002d21d000 	/usr/lib/system/libunwind.dylib
0x000000002d21d000 	/usr/lib/system/libxpc.dylib
0x000000002d21d000 	/usr/lib/libbsm.0.dylib
0x000000002d21d000 	/usr/lib/system/libkxld.dylib
0x000000002d21d000 	/usr/lib/libcoretls.dylib
0x000000002d21d000 	/usr/lib/libcoretls_cfhelpers.dylib
0x000000002d21d000 	/usr/lib/libxar.1.dylib
0x000000002d21d000 	/usr/lib/libsqlite3.dylib
0x000000002d21d000 	/usr/lib/libpam.2.dylib
0x000000002d21d000 	/usr/lib/libOpenScriptingUtil.dylib
0x000000002d21d000 	/usr/lib/libbz2.1.0.dylib
0x000000002d21d000 	/usr/lib/liblzma.5.dylib
0x000000002d21d000 	/usr/lib/libnetwork.dylib
0x000000002d21d000 	/usr/lib/libpcap.A.dylib
0x000000002d21d000 	/System/Library/Frameworks/CoreServices.framework/Versions/A/Frameworks/FSEvents.framework/Versions/A/FSEvents
0x000000002d21d000 	/System/Library/Frameworks/CoreServices.framework/Versions/A/Frameworks/CarbonCore.framework/Versions/A/CarbonCore
0x000000002d21d000 	/System/Library/Frameworks/CoreServices.framework/Versions/A/Frameworks/Metadata.framework/Versions/A/Metadata
0x000000002d21d000 	/System/Library/Frameworks/CoreServices.framework/Versions/A/Frameworks/OSServices.framework/Versions/A/OSServices
0x000000002d21d000 	/System/Library/Frameworks/CoreServices.framework/Versions/A/Frameworks/SearchKit.framework/Versions/A/SearchKit
0x000000002d21d000 	/System/Library/Frameworks/CoreServices.framework/Versions/A/Frameworks/AE.framework/Versions/A/AE
0x000000002d21d000 	/System/Library/Frameworks/CoreServices.framework/Versions/A/Frameworks/LaunchServices.framework/Versions/A/LaunchServices
0x000000002d21d000 	/System/Library/Frameworks/CoreServices.framework/Versions/A/Frameworks/DictionaryServices.framework/Versions/A/DictionaryServices
0x000000002d21d000 	/System/Library/Frameworks/CoreServices.framework/Versions/A/Frameworks/SharedFileList.framework/Versions/A/SharedFileList
0x000000002d21d000 	/System/Library/Frameworks/NetFS.framework/Versions/A/NetFS
0x000000002d21d000 	/System/Library/PrivateFrameworks/NetAuth.framework/Versions/A/NetAuth
0x000000002d21d000 	/System/Library/PrivateFrameworks/login.framework/Versions/A/Frameworks/loginsupport.framework/Versions/A/loginsupport
0x000000002d21d000 	/System/Library/PrivateFrameworks/TCC.framework/Versions/A/TCC
0x000000002d21d000 	/usr/lib/libmecabra.dylib
0x000000002d21d000 	/System/Library/Frameworks/ApplicationServices.framework/Versions/A/Frameworks/ATS.framework/Versions/A/ATS
0x000000002d21d000 	/System/Library/Frameworks/ApplicationServices.framework/Versions/A/Frameworks/ColorSync.framework/Versions/A/ColorSync
0x000000002d21d000 	/System/Library/Frameworks/ApplicationServices.framework/Versions/A/Frameworks/HIServices.framework/Versions/A/HIServices
0x000000002d21d000 	/System/Library/Frameworks/ApplicationServices.framework/Versions/A/Frameworks/LangAnalysis.framework/Versions/A/LangAnalysis
0x000000002d21d000 	/System/Library/Frameworks/ApplicationServices.framework/Versions/A/Frameworks/PrintCore.framework/Versions/A/PrintCore
0x000000002d21d000 	/System/Library/Frameworks/ApplicationServices.framework/Versions/A/Frameworks/QD.framework/Versions/A/QD
0x000000002d21d000 	/System/Library/Frameworks/ApplicationServices.framework/Versions/A/Frameworks/SpeechSynthesis.framework/Versions/A/SpeechSynthesis
0x000000002d21d000 	/System/Library/Frameworks/Accelerate.framework/Versions/A/Frameworks/vImage.framework/Versions/A/vImage
0x000000002d21d000 	/System/Library/Frameworks/Accelerate.framework/Versions/A/Frameworks/vecLib.framework/Versions/A/vecLib
0x000000002d21d000 	/System/Library/Frameworks/Accelerate.framework/Versions/A/Frameworks/vecLib.framework/Versions/A/libvDSP.dylib
0x000000002d21d000 	/System/Library/Frameworks/Accelerate.framework/Versions/A/Frameworks/vecLib.framework/Versions/A/libBNNS.dylib
0x000000002d21d000 	/System/Library/Frameworks/Accelerate.framework/Versions/A/Frameworks/vecLib.framework/Versions/A/libQuadrature.dylib
0x000000002d21d000 	/System/Library/Frameworks/Accelerate.framework/Versions/A/Frameworks/vecLib.framework/Versions/A/libvMisc.dylib
0x000000002d21d000 	/System/Library/Frameworks/Accelerate.framework/Versions/A/Frameworks/vecLib.framework/Versions/A/libLAPACK.dylib
0x000000002d21d000 	/System/Library/Frameworks/Accelerate.framework/Versions/A/Frameworks/vecLib.framework/Versions/A/libBLAS.dylib
0x000000002d21d000 	/System/Library/Frameworks/Accelerate.framework/Versions/A/Frameworks/vecLib.framework/Versions/A/libLinearAlgebra.dylib
0x000000002d21d000 	/System/Library/Frameworks/Accelerate.framework/Versions/A/Frameworks/vecLib.framework/Versions/A/libSparseBLAS.dylib
0x000000002d21d000 	/System/Library/Frameworks/ApplicationServices.framework/Versions/A/Frameworks/ATS.framework/Versions/A/Resources/libFontParser.dylib
0x000000002d21d000 	/System/Library/Frameworks/ApplicationServices.framework/Versions/A/Frameworks/ATS.framework/Versions/A/Resources/libFontRegistry.dylib
0x000000002d21d000 	/System/Library/Frameworks/ImageIO.framework/Versions/A/Resources/libJPEG.dylib
0x000000002d21d000 	/System/Library/Frameworks/ImageIO.framework/Versions/A/Resources/libTIFF.dylib
0x000000002d21d000 	/System/Library/Frameworks/ImageIO.framework/Versions/A/Resources/libPng.dylib
0x000000002d21d000 	/System/Library/Frameworks/ImageIO.framework/Versions/A/Resources/libGIF.dylib
0x000000002d21d000 	/System/Library/Frameworks/ImageIO.framework/Versions/A/Resources/libJP2.dylib
0x000000002d21d000 	/System/Library/Frameworks/ImageIO.framework/Versions/A/Resources/libRadiance.dylib
0x000000002d21d000 	/usr/lib/libcompression.dylib
0x000000002d21d000 	/System/Library/PrivateFrameworks/AppleJPEG.framework/Versions/A/AppleJPEG
0x000000002d21d000 	/usr/lib/libcups.2.dylib
0x000000002d21d000 	/System/Library/Frameworks/Kerberos.framework/Versions/A/Kerberos
0x000000002d21d000 	/System/Library/Frameworks/GSS.framework/Versions/A/GSS
0x000000002d21d000 	/usr/lib/libresolv.9.dylib
0x000000002d21d000 	/usr/lib/libiconv.2.dylib
0x000000002d21d000 	/System/Library/PrivateFrameworks/Heimdal.framework/Versions/A/Heimdal
0x000000002d21d000 	/usr/lib/libheimdal-asn1.dylib
0x000000002d21d000 	/System/Library/Frameworks/OpenDirectory.framework/Versions/A/OpenDirectory
0x000000002d21d000 	/System/Library/PrivateFrameworks/CommonAuth.framework/Versions/A/CommonAuth
0x000000002d21d000 	/System/Library/Frameworks/OpenDirectory.framework/Versions/A/Frameworks/CFOpenDirectory.framework/Versions/A/CFOpenDirectory
0x000000002d21d000 	/System/Library/Frameworks/SecurityFoundation.framework/Versions/A/SecurityFoundation
0x000000002d21d000 	/System/Library/PrivateFrameworks/LanguageModeling.framework/Versions/A/LanguageModeling
0x000000002d21d000 	/usr/lib/libmarisa.dylib
0x000000002d21d000 	/usr/lib/libChineseTokenizer.dylib
0x000000002d21d000 	/usr/lib/libcmph.dylib
0x000000002d21d000 	/System/Library/PrivateFrameworks/CoreEmoji.framework/Versions/A/CoreEmoji
0x000000002d21d000 	/System/Library/Frameworks/ServiceManagement.framework/Versions/A/ServiceManagement
0x000000002d21d000 	/usr/lib/libxslt.1.dylib
0x000000002d21d000 	/System/Library/Frameworks/Carbon.framework/Versions/A/Frameworks/Ink.framework/Versions/A/Ink
0x000000002d21d000 	/System/Library/PrivateFrameworks/TextureIO.framework/Versions/A/TextureIO
0x000000002d21d000 	/System/Library/Frameworks/Metal.framework/Versions/A/Metal
0x000000002d21d000 	/usr/lib/libate.dylib
0x000000002d21d000 	/System/Library/PrivateFrameworks/GPUCompiler.framework/libmetal_timestamp.dylib
0x000000002d21d000 	/System/Library/Frameworks/OpenGL.framework/Versions/A/Libraries/libCoreFSCache.dylib
0x000000002d21d000 	/System/Library/PrivateFrameworks/IOAccelerator.framework/Versions/A/IOAccelerator
0x000000002d21d000 	/System/Library/Frameworks/CoreVideo.framework/Versions/A/CoreVideo
0x000000002d21d000 	/usr/lib/libFosl_dynamic.dylib
0x000000002d21d000 	/System/Library/PrivateFrameworks/MetalPerformanceShaders.framework/Versions/A/MetalPerformanceShaders
0x000000002d21d000 	/System/Library/PrivateFrameworks/FaceCore.framework/Versions/A/FaceCore
0x000000002d21d000 	/System/Library/Frameworks/OpenCL.framework/Versions/A/OpenCL
0x000000002d21d000 	/System/Library/Frameworks/OpenGL.framework/Versions/A/Libraries/libGLU.dylib
0x000000002d21d000 	/System/Library/Frameworks/OpenGL.framework/Versions/A/Libraries/libGFXShared.dylib
0x000000002d21d000 	/System/Library/Frameworks/OpenGL.framework/Versions/A/Libraries/libGL.dylib
0x000000002d21d000 	/System/Library/Frameworks/OpenGL.framework/Versions/A/Libraries/libGLImage.dylib
0x000000002d21d000 	/System/Library/Frameworks/OpenGL.framework/Versions/A/Libraries/libCVMSPluginSupport.dylib
0x000000002d21d000 	/System/Library/Frameworks/OpenGL.framework/Versions/A/Libraries/libCoreVMClient.dylib
0x000000002d21d000 	/System/Library/PrivateFrameworks/CrashReporterSupport.framework/Versions/A/CrashReporterSupport
0x000000002d21d000 	/System/Library/PrivateFrameworks/Sharing.framework/Versions/A/Sharing
0x000000002d21d000 	/System/Library/PrivateFrameworks/IconServices.framework/Versions/A/IconServices
0x000000002d21d000 	/System/Library/PrivateFrameworks/ProtocolBuffer.framework/Versions/A/ProtocolBuffer
0x000000002d21d000 	/System/Library/PrivateFrameworks/Apple80211.framework/Versions/A/Apple80211
0x000000002d21d000 	/System/Library/Frameworks/CoreWLAN.framework/Versions/A/CoreWLAN
0x000000002d21d000 	/System/Library/PrivateFrameworks/CoreUtils.framework/Versions/A/CoreUtils
0x000000002d21d000 	/System/Library/Frameworks/IOBluetooth.framework/Versions/A/IOBluetooth
0x000000002d21d000 	/System/Library/PrivateFrameworks/CoreWiFi.framework/Versions/A/CoreWiFi
0x000000002d21d000 	/System/Library/Frameworks/CoreBluetooth.framework/Versions/A/CoreBluetooth
0x000000002d21d000 	/System/Library/Frameworks/CoreDisplay.framework/Versions/A/CoreDisplay
0x000000002d21d000 	/System/Library/PrivateFrameworks/IOPresentment.framework/Versions/A/IOPresentment
0x000000002d21d000 	/System/Library/PrivateFrameworks/DebugSymbols.framework/Versions/A/DebugSymbols
0x000000002d21d000 	/System/Library/PrivateFrameworks/CoreSymbolication.framework/Versions/A/CoreSymbolication
0x000000002d21d000 	/System/Library/PrivateFrameworks/Symbolication.framework/Versions/A/Symbolication
0x000000002d21d000 	/System/Library/PrivateFrameworks/AppleFSCompression.framework/Versions/A/AppleFSCompression
0x000000002d21d000 	/System/Library/PrivateFrameworks/SpeechRecognitionCore.framework/Versions/A/SpeechRecognitionCore
0x000000002d21d000 	/System/Library/PrivateFrameworks/ChunkingLibrary.framework/Versions/A/ChunkingLibrary
0x000000010f6a0000 	/System/Library/CoreServices/Encodings/libSimplifiedChineseConverter.dylib
0x000000011097a000 	/Library/Java/JavaVirtualMachines/jdk1.8.0_20.jdk/Contents/Home/jre/lib/server/libjvm.dylib
0x000000002d21d000 	/usr/lib/libstdc++.6.dylib
0x000000010f6e4000 	/Library/Java/JavaVirtualMachines/jdk1.8.0_20.jdk/Contents/Home/jre/lib/libverify.dylib
0x000000010f6f2000 	/Library/Java/JavaVirtualMachines/jdk1.8.0_20.jdk/Contents/Home/jre/lib/libjava.dylib
0x000000010f730000 	/Library/Java/JavaVirtualMachines/jdk1.8.0_20.jdk/Contents/Home/jre/lib/libzip.dylib
0x00000001108d1000 	/System/Library/Frameworks/JavaVM.framework/Frameworks/JavaRuntimeSupport.framework/JavaRuntimeSupport
0x000000012c7be000 	/System/Library/Frameworks/JavaVM.framework/Versions/A/Frameworks/JavaNativeFoundation.framework/Versions/A/JavaNativeFoundation
0x000000010f7f2000 	/System/Library/Frameworks/JavaVM.framework/Versions/A/JavaVM
0x000000002d21d000 	/System/Library/Frameworks/Carbon.framework/Versions/A/Carbon
0x000000012c7d3000 	/System/Library/PrivateFrameworks/JavaLaunching.framework/Versions/A/JavaLaunching
0x000000002d21d000 	/System/Library/Frameworks/Carbon.framework/Versions/A/Frameworks/CommonPanels.framework/Versions/A/CommonPanels
0x000000002d21d000 	/System/Library/Frameworks/Carbon.framework/Versions/A/Frameworks/Help.framework/Versions/A/Help
0x000000002d21d000 	/System/Library/Frameworks/Carbon.framework/Versions/A/Frameworks/ImageCapture.framework/Versions/A/ImageCapture
0x000000002d21d000 	/System/Library/Frameworks/Carbon.framework/Versions/A/Frameworks/OpenScripting.framework/Versions/A/OpenScripting
0x000000002d21d000 	/System/Library/Frameworks/Carbon.framework/Versions/A/Frameworks/Print.framework/Versions/A/Print
0x000000002d21d000 	/System/Library/Frameworks/Carbon.framework/Versions/A/Frameworks/SecurityHI.framework/Versions/A/SecurityHI
0x000000012e1f2000 	/Applications/IntelliJ IDEA CE.app/Contents/bin/libbreakgen64.jnilib
0x000000012e1f5000 	/Library/Java/JavaVirtualMachines/jdk1.8.0_20.jdk/Contents/Home/jre/lib/libnet.dylib
0x000000012e259000 	/Library/Java/JavaVirtualMachines/jdk1.8.0_20.jdk/Contents/Home/jre/lib/libawt.dylib
0x000000012e308000 	/Library/Java/JavaVirtualMachines/jdk1.8.0_20.jdk/Contents/Home/jre/lib/./libmlib_image.dylib
0x000000012e3d4000 	/Library/Java/JavaVirtualMachines/jdk1.8.0_20.jdk/Contents/Home/jre/lib/libawt_lwawt.dylib
0x000000012e487000 	/Library/Java/JavaVirtualMachines/jdk1.8.0_20.jdk/Contents/Home/jre/lib/./libosxapp.dylib
0x000000002d21d000 	/System/Library/Frameworks/ExceptionHandling.framework/Versions/A/ExceptionHandling
0x000000002d21d000 	/System/Library/PrivateFrameworks/CoreServicesInternal.framework/Versions/A/CoreServicesInternal
0x000000002d21d000 	/System/Library/CoreServices/RawCamera.bundle/Contents/MacOS/RawCamera
0x000000002d21d000 	/System/Library/Frameworks/Accelerate.framework/Versions/A/Frameworks/vImage.framework/Versions/A/Libraries/libCGInterfaces.dylib
0x000000002d21d000 	/System/Library/Frameworks/ApplicationServices.framework/Versions/A/Frameworks/ATS.framework/Versions/A/Resources/libTrueTypeScaler.dylib
0x000000002d21d000 	/System/Library/Frameworks/OpenGL.framework/Versions/A/Resources/GLEngine.bundle/GLEngine
0x000000002d21d000 	/System/Library/Frameworks/OpenGL.framework/Versions/A/Libraries/libGLProgrammability.dylib
0x000000013032c000 	/System/Library/Extensions/AppleIntelHD4000GraphicsGLDriver.bundle/Contents/MacOS/AppleIntelHD4000GraphicsGLDriver
0x000000002d21d000 	/System/Library/PrivateFrameworks/GPUSupport.framework/Versions/A/Libraries/libGPUSupportMercury.dylib
0x000000002d21d000 	/System/Library/Extensions/GeForceGLDriver.bundle/Contents/MacOS/GeForceGLDriver
0x000000002d21d000 	/System/Library/Extensions/GeForceGLDriver.bundle/Contents/MacOS/libclh.dylib
0x000000002d21d000 	/System/Library/Frameworks/OpenGL.framework/Versions/A/Resources/GLRendererFloat.bundle/GLRendererFloat
0x000000002d21d000 	/System/Library/Frameworks/OpenCL.framework/Versions/A/Libraries/libcldcpuengine.dylib
0x000000002d21d000 	/usr/lib/libcrypto.0.9.8.dylib
0x000000002d21d000 	/System/Library/PrivateFrameworks/TrustEvaluationAgent.framework/Versions/A/TrustEvaluationAgent
0x000000002d21d000 	/System/Library/Extensions/GeForceMTLDriver.bundle/Contents/MacOS/GeForceMTLDriver
0x00000001309ea000 	/System/Library/Extensions/AppleIntelHD4000GraphicsMTLDriver.bundle/Contents/MacOS/AppleIntelHD4000GraphicsMTLDriver
0x000000002d21d000 	/System/Library/Extensions/GeForceAIRPlugin.bundle/Contents/MacOS/GeForceAIRPlugin
0x000000002d21d000 	/System/Library/PrivateFrameworks/GPUCompiler.framework//Versions/A/Libraries/libLLVMContainer.dylib

VM Arguments:
jvm_args: -Didea.launcher.port=7532 -Didea.launcher.bin.path=/Applications/IntelliJ IDEA CE.app/Contents/bin -Dfile.encoding=UTF-8 
java_command: com.intellij.rt.execution.application.AppMain Controller.Main
java_class_path (initial): /Library/Java/JavaVirtualMachines/jdk1.8.0_20.jdk/Contents/Home/jre/lib/charsets.jar:/Library/Java/JavaVirtualMachines/jdk1.8.0_20.jdk/Contents/Home/jre/lib/deploy.jar:/Library/Java/JavaVirtualMachines/jdk1.8.0_20.jdk/Contents/Home/jre/lib/ext/cldrdata.jar:/Library/Java/JavaVirtualMachines/jdk1.8.0_20.jdk/Contents/Home/jre/lib/ext/dnsns.jar:/Library/Java/JavaVirtualMachines/jdk1.8.0_20.jdk/Contents/Home/jre/lib/ext/jfxrt.jar:/Library/Java/JavaVirtualMachines/jdk1.8.0_20.jdk/Contents/Home/jre/lib/ext/localedata.jar:/Library/Java/JavaVirtualMachines/jdk1.8.0_20.jdk/Contents/Home/jre/lib/ext/nashorn.jar:/Library/Java/JavaVirtualMachines/jdk1.8.0_20.jdk/Contents/Home/jre/lib/ext/sunec.jar:/Library/Java/JavaVirtualMachines/jdk1.8.0_20.jdk/Contents/Home/jre/lib/ext/sunjce_provider.jar:/Library/Java/JavaVirtualMachines/jdk1.8.0_20.jdk/Contents/Home/jre/lib/ext/sunpkcs11.jar:/Library/Java/JavaVirtualMachines/jdk1.8.0_20.jdk/Contents/Home/jre/lib/ext/zipfs.jar:/Library/Java/JavaVirtualMachines/jdk1.8.0_20.jdk/Contents/Home/jre/lib/javaws.jar:/Library/Java/JavaVirtualMachines/jdk1.8.0_20.jdk/Contents/Home/jre/lib/jce.jar:/Library/Java/JavaVirtualMachines/jdk1.8.0_20.jdk/Contents/Home/jre/lib/jfr.jar:/Library/Java/JavaVirtualMachines/jdk1.8.0_20.jdk/Contents/Home/jre/lib/jfxswt.jar:/Library/Java/JavaVirtualMachines/jdk1.8.0_20.jdk/Contents/Home/jre/lib/jsse.jar:/Library/Java/JavaVirtualMachines/jdk1.8.0_20.jdk/Contents/Home/jre/lib/management-agent.jar:/Library/Java/JavaVirtualMachines/jdk1.8.0_20.jdk/Contents/Home/jre/lib/plugin.jar:/Library/Java/JavaVirtualMachines/jdk1.8.0_20.jdk/Contents/Home/jre/lib/resources.jar:/Library/Java/JavaVirtualMachines/jdk1.8.0_20.jdk/Contents/Home/jre/lib/rt.jar:/Library/Java/JavaVirtualMachines/jdk1.8.0_20.jdk/Contents/Home/lib/ant-javafx.jar:/Library/Java/JavaVirtualMachines/jdk1.8.0_20.jdk/Contents/Home/lib/dt.jar:/Library/Java/JavaVirtualMachines/jdk1.8.0_20.jdk/Contents/Home/lib/javafx-mx.jar:/Library/Java/Jav
Launcher Type: SUN_STANDARD

Environment Variables:
PATH=/opt/local/bin:/opt/local/sbin:/Users/dianazhang/.local/bin:/Users/dianazhang/.cabal/bin:/Applications/ghc-7.10.3.app/Contents/bin:/Users/dianazhang/.local/bin:/Users/dianazhang/.cabal/bin:/Applications/ghc-7.10.3.app/Contents/bin:/Users/dianazhang/.local/bin:/Users/dianazhang/.cabal/bin:/Applications/ghc-7.10.3.app/Contents/bin:/Library/Frameworks/Python.framework/Versions/3.5/bin:/Library/Frameworks/Python.framework/Versions/3.5/bin:/opt/local/bin:/opt/local/sbin:/opt/local/bin:/opt/local/sbin:/usr/local/bin:/usr/bin:/bin:/usr/sbin:/sbin:/Library/TeX/texbin
SHELL=/bin/bash

Signal Handlers:
SIGSEGV: [libjvm.dylib+0x578fd7], sa_mask[0]=11111111011111110111111111111111, sa_flags=SA_ONSTACK|SA_RESTART|SA_SIGINFO
SIGBUS: [libjvm.dylib+0x578fd7], sa_mask[0]=11111111011111110111111111111111, sa_flags=SA_RESTART|SA_SIGINFO
SIGFPE: [libjvm.dylib+0x45ab0c], sa_mask[0]=11111111011111110111111111111111, sa_flags=SA_RESTART|SA_SIGINFO
SIGPIPE: [libjvm.dylib+0x45ab0c], sa_mask[0]=11111111011111110111111111111111, sa_flags=SA_RESTART|SA_SIGINFO
SIGXFSZ: [libjvm.dylib+0x45ab0c], sa_mask[0]=11111111011111110111111111111111, sa_flags=SA_RESTART|SA_SIGINFO
SIGILL: [libjvm.dylib+0x45ab0c], sa_mask[0]=11111111011111110111111111111111, sa_flags=SA_RESTART|SA_SIGINFO
SIGUSR1: SIG_DFL, sa_mask[0]=00000000000000000000000000000000, sa_flags=none
SIGUSR2: [libjvm.dylib+0x45a62a], sa_mask[0]=00100000000000000000000000000000, sa_flags=SA_RESTART|SA_SIGINFO
SIGHUP: [libjvm.dylib+0x458bfd], sa_mask[0]=11111111011111110111111111111111, sa_flags=SA_RESTART|SA_SIGINFO
SIGINT: [libjvm.dylib+0x458bfd], sa_mask[0]=11111111011111110111111111111111, sa_flags=SA_RESTART|SA_SIGINFO
SIGTERM: [libjvm.dylib+0x458bfd], sa_mask[0]=11111111011111110111111111111111, sa_flags=SA_RESTART|SA_SIGINFO
SIGQUIT: [libjvm.dylib+0x458bfd], sa_mask[0]=11111111011111110111111111111111, sa_flags=SA_RESTART|SA_SIGINFO


---------------  S Y S T E M  ---------------

OS:Bsduname:Darwin 16.4.0 Darwin Kernel Version 16.4.0: Thu Dec 22 22:53:21 PST 2016; root:xnu-3789.41.3~3/RELEASE_X86_64 x86_64
rlimit: STACK 8192k, CORE 0k, NPROC 709, NOFILE 10240, AS infinity
load average:3.66 2.78 2.39

CPU:total 8 (4 cores per cpu, 2 threads per core) family 6 model 58 stepping 9, cmov, cx8, fxsr, mmx, sse, sse2, sse3, ssse3, sse4.1, sse4.2, popcnt, avx, aes, clmul, erms, ht, tsc, tscinvbit, tscinv

Memory: 4k page, physical 16777216k(2002200k free)

/proc/meminfo:


vm_info: Java HotSpot(TM) 64-Bit Server VM (25.20-b23) for bsd-amd64 JRE (1.8.0_20-b26), built on Jul 30 2014 13:37:47 by "java_re" with gcc 4.2.1 (Based on Apple Inc. build 5658) (LLVM build 2336.9.00)

time: Sun Apr  9 16:37:20 2017
elapsed time: 0 seconds (0d 0h 0m 0s)

